<?xml version="1.0" encoding="UTF-8"?>
<!-- Generated by org.testng.reporters.JUnitReportReporter -->
<testsuite skipped="0" hostname="Ibrahims-MacBook-Air.local" name="test.Tests" tests="4" failures="0" timestamp="24 Jan 2018 22:56:22 GMT" time="196.541" errors="0">
  <testcase name="testing01" time="46.789" classname="test.Tests"/>
  <testcase name="testing01" time="71.456" classname="test.Tests"/>
  <testcase name="testing01" time="26.510" classname="test.Tests"/>
  <testcase name="testing01" time="51.786" classname="test.Tests"/>
</testsuite> <!-- test.Tests -->
